<?xml version="1.0" encoding="UTF-8"?>
<!-- Generated by org.testng.reporters.JUnitReportReporter -->
<testsuite hostname="KavyaSrinath" failures="0" tests="3" name="DataProvider.DataProvidePratice2_Test" time="0.016" errors="0" timestamp="2025-07-23T14:59:45 IST" skipped="0">
  <testcase classname="DataProvider.DataProvidePratice2_Test" name="createContactTest" time="0.002"/>
  <system-out/>
  <testcase classname="DataProvider.DataProvidePratice2_Test" name="createContactTest" time="0.002"/>
  <system-out/>
  <testcase classname="DataProvider.DataProvidePratice2_Test" name="createContactTest" time="0.012"/>
  <system-out/>
</testsuite> <!-- DataProvider.DataProvidePratice2_Test -->
