<?xml version="1.0" encoding="UTF-8"?>
<!-- Generated by org.testng.reporters.JUnitReportReporter -->
<testsuite hostname="KavyaSrinath" failures="0" tests="1" name="JDBC_Practice.DataExpected_Practice" time="0.492" errors="0" timestamp="2025-07-10T09:35:20 IST" skipped="0">
  <testcase classname="JDBC_Practice.DataExpected_Practice" name="projectCheckTest" time="0.492"/>
  <system-out/>
</testsuite> <!-- JDBC_Practice.DataExpected_Practice -->
