<?xml version="1.0" encoding="UTF-8"?>
<!-- Generated by org.testng.reporters.JUnitReportReporter -->
<testsuite hostname="KavyaSrinath" failures="0" tests="2" name="BaseClassPractice.CreateContactTest" time="0.018" errors="0" timestamp="2025-07-24T15:08:54 IST" skipped="0">
  <testcase classname="BaseClassPractice.CreateContactTest" name="createContactWithSupportDate" time="0.005"/>
  <system-out/>
  <testcase classname="BaseClassPractice.CreateContactTest" name="createContactTest" time="0.013"/>
  <system-out/>
</testsuite> <!-- BaseClassPractice.CreateContactTest -->
