<?xml version="1.0" encoding="UTF-8"?>
<!-- Generated by org.testng.reporters.JUnitReportReporter -->
<testsuite hostname="KavyaSrinath" failures="0" tests="2" name="DataProviderTest" time="0.016" errors="0" timestamp="2025-07-24T15:07:10 IST" skipped="0">
  <testcase classname="DataProviderTest" name="createContactName" time="0.012"/>
  <system-out/>
  <testcase classname="DataProviderTest" name="createContactName" time="0.004"/>
  <system-out/>
</testsuite> <!-- DataProviderTest -->
