<?xml version="1.0" encoding="UTF-8"?>
<!-- Generated by org.testng.reporters.JUnitReportReporter -->
<testsuite hostname="KavyaSrinath" failures="0" tests="3" name="Priority_Practice.PriorityPractice2" time="0.014" errors="0" timestamp="2025-07-22T15:01:35 IST" skipped="0">
  <testcase classname="Priority_Practice.PriorityPractice2" name="createContactTest" time="0.011"/>
  <system-out/>
  <testcase classname="Priority_Practice.PriorityPractice2" name="deleteContactTest" time="0.002"/>
  <system-out/>
  <testcase classname="Priority_Practice.PriorityPractice2" name="modifyContactTest" time="0.001"/>
  <system-out/>
</testsuite> <!-- Priority_Practice.PriorityPractice2 -->
