<?xml version="1.0" encoding="UTF-8"?>
<!-- Generated by org.testng.reporters.JUnitReportReporter -->
<testsuite hostname="KavyaSrinath" failures="0" tests="1" name="SimplePom_Practice.SampleTestWithPOM" time="32.164" errors="0" timestamp="2025-07-16T15:01:13 IST" skipped="0">
  <testcase classname="SimplePom_Practice.SampleTestWithPOM" name="sampleTest" time="32.164"/>
  <system-out/>
</testsuite> <!-- SimplePom_Practice.SampleTestWithPOM -->
