<?xml version="1.0" encoding="UTF-8"?>
<!-- Generated by org.testng.reporters.JUnitReportReporter -->
<testsuite hostname="KavyaSrinath" failures="0" tests="3" name="DataProvider.DataProvider_PracticeTest" time="0.030" errors="0" timestamp="2025-07-24T14:48:48 IST" skipped="0">
  <testcase classname="DataProvider.DataProvider_PracticeTest" name="createContactTest" time="0.005"/>
  <system-out/>
  <testcase classname="DataProvider.DataProvider_PracticeTest" name="createContactTest" time="0.004"/>
  <system-out/>
  <testcase classname="DataProvider.DataProvider_PracticeTest" name="createContactTest" time="0.021"/>
  <system-out/>
</testsuite> <!-- DataProvider.DataProvider_PracticeTest -->
