<?xml version="1.0" encoding="UTF-8"?>
<!-- Generated by org.testng.reporters.JUnitReportReporter -->
<testsuite hostname="KavyaSrinath" failures="0" tests="2" name="Priority_Practice.dependsOnMethodTest" time="0.014" errors="0" timestamp="2025-07-22T14:55:42 IST" skipped="0">
  <testcase classname="Priority_Practice.dependsOnMethodTest" name="createOrderTest" time="0.012"/>
  <system-out/>
  <testcase classname="Priority_Practice.dependsOnMethodTest" name="billingAnOrderTest" time="0.002"/>
  <system-out/>
</testsuite> <!-- Priority_Practice.dependsOnMethodTest -->
