<?xml version="1.0" encoding="UTF-8"?>
<!-- Generated by org.testng.reporters.JUnitReportReporter -->
<testsuite hostname="KavyaSrinath" failures="0" tests="2" name="BaseClassPractice.CreateOrgTest" time="0.017" errors="0" timestamp="2025-07-24T14:58:30 IST" skipped="0">
  <testcase classname="BaseClassPractice.CreateOrgTest" name="createOrgWithIndustries" time="0.005"/>
  <system-out/>
  <testcase classname="BaseClassPractice.CreateOrgTest" name="createOrgTest" time="0.012"/>
  <system-out/>
</testsuite> <!-- BaseClassPractice.CreateOrgTest -->
