<?xml version="1.0" encoding="UTF-8"?>
<!-- Generated by org.testng.reporters.JUnitReportReporter -->
<testsuite hostname="KavyaSrinath" failures="0" tests="1" name="Practice_Session.ReadFromFromXML_Practice" time="0.011" errors="0" timestamp="2025-07-09T11:09:23 IST" skipped="0">
  <testcase classname="Practice_Session.ReadFromFromXML_Practice" name="sampleTest" time="0.011"/>
  <system-out/>
</testsuite> <!-- Practice_Session.ReadFromFromXML_Practice -->
