<?xml version="1.0" encoding="UTF-8"?>
<!-- Generated by org.testng.reporters.JUnitReportReporter -->
<testsuite hostname="KavyaSrinath" failures="0" tests="1" name="AutoHealing_Practice.Practice1" time="4.970" errors="0" timestamp="2025-07-21T15:39:15 IST" skipped="0">
  <testcase classname="AutoHealing_Practice.Practice1" name="sampleTest" time="4.970"/>
  <system-out/>
</testsuite> <!-- AutoHealing_Practice.Practice1 -->
