<?xml version="1.0" encoding="UTF-8"?>
<!-- Generated by org.testng.reporters.JUnitReportReporter -->
<testsuite hostname="KavyaSrinath" failures="0" tests="3" name="DataProvider.DataProvideAmazonTest" time="43.007" errors="0" timestamp="2025-07-23T15:18:27 IST" skipped="0">
  <testcase classname="DataProvider.DataProvideAmazonTest" name="fetchProductPrice" time="13.958"/>
  <system-out/>
  <testcase classname="DataProvider.DataProvideAmazonTest" name="fetchProductPrice" time="15.090"/>
  <system-out/>
  <testcase classname="DataProvider.DataProvideAmazonTest" name="fetchProductPrice" time="13.959"/>
  <system-out/>
</testsuite> <!-- DataProvider.DataProvideAmazonTest -->
