<?xml version="1.0" encoding="UTF-8"?>
<!-- Generated by org.testng.reporters.JUnitReportReporter -->
<testsuite hostname="KavyaSrinath" failures="0" tests="7" name="Priority_Practice.InvocationCountTest" time="0.019" errors="0" timestamp="2025-07-22T15:16:59 IST" skipped="1">
  <testcase classname="Priority_Practice.InvocationCountTest" name="createContactTest" time="0.002"/>
  <system-out/>
  <testcase classname="Priority_Practice.InvocationCountTest" name="createContactTest" time="0.002"/>
  <system-out/>
  <testcase classname="Priority_Practice.InvocationCountTest" name="createContactTest" time="0.012"/>
  <system-out/>
  <testcase classname="Priority_Practice.InvocationCountTest" name="createContactTest" time="0.001"/>
  <system-out/>
  <testcase classname="Priority_Practice.InvocationCountTest" name="createContactTest" time="0.001"/>
  <system-out/>
  <testcase classname="Priority_Practice.InvocationCountTest" name="createContactTest" time="0.001"/>
  <system-out/>
  <testcase classname="Priority_Practice.InvocationCountTest" name="modifyContactTest">
    <skipped/>
  </testcase> <!-- modifyContactTest -->
  <system-out/>
</testsuite> <!-- Priority_Practice.InvocationCountTest -->
