<?xml version="1.0" encoding="UTF-8"?>
<!-- Generated by org.testng.reporters.JUnitReportReporter -->
<testsuite hostname="KavyaSrinath" failures="0" tests="1" name="Broken_Links_Practice.BrokenLinksPractice" time="69.981" errors="0" timestamp="2025-07-18T11:58:14 IST" skipped="0">
  <testcase classname="Broken_Links_Practice.BrokenLinksPractice" name="handleBrokenLinks" time="69.981"/>
  <system-out/>
</testsuite> <!-- Broken_Links_Practice.BrokenLinksPractice -->
