<?xml version="1.0" encoding="UTF-8"?>
<!-- Generated by org.testng.reporters.JUnitReportReporter -->
<testsuite hostname="KavyaSrinath" failures="0" tests="1" name="Practice_Session.ReadDataFromXML" time="0.012" errors="0" timestamp="2025-07-09T11:04:53 IST" skipped="0">
  <testcase classname="Practice_Session.ReadDataFromXML" name="sampleTest" time="0.012"/>
  <system-out/>
</testsuite> <!-- Practice_Session.ReadDataFromXML -->
